0 info it worked if it ends with ok
1 verbose cli [ 'node', '/usr/local/bin/npm', 'publish' ]
2 info using npm@2.9.1
3 info using node@v0.12.3
4 verbose publish [ '.' ]
5 silly cache add args [ '.', null ]
6 verbose cache add spec .
7 silly cache add parsed spec { raw: '.',
7 silly cache add   scope: null,
7 silly cache add   name: null,
7 silly cache add   rawSpec: '.',
7 silly cache add   spec: '/Users/meikidd/github/user-selector',
7 silly cache add   type: 'directory' }
8 verbose addLocalDirectory /Users/meikidd/.npm/user-selector/0.1.1/package.tgz not in flight; packing
9 verbose tar pack [ '/Users/meikidd/.npm/user-selector/0.1.1/package.tgz',
9 verbose tar pack   '/Users/meikidd/github/user-selector' ]
10 verbose tarball /Users/meikidd/.npm/user-selector/0.1.1/package.tgz
11 verbose folder /Users/meikidd/github/user-selector
12 info prepublish user-selector@0.1.1
13 verbose addLocalTarball adding from inside cache /Users/meikidd/.npm/user-selector/0.1.1/package.tgz
14 silly cache afterAdd user-selector@0.1.1
15 verbose afterAdd /Users/meikidd/.npm/user-selector/0.1.1/package/package.json not in flight; writing
16 verbose afterAdd /Users/meikidd/.npm/user-selector/0.1.1/package/package.json written
17 silly publish { name: 'user-selector',
17 silly publish   version: '0.1.1',
17 silly publish   description: 'A user selector web component',
17 silly publish   keywords: [ 'selector', 'user selector' ],
17 silly publish   dependencies: {},
17 silly publish   license: 'MIT',
17 silly publish   repository:
17 silly publish    { type: 'git',
17 silly publish      url: 'git+https://github.com/meikidd/user-selector.git' },
17 silly publish   homepage: 'https://github.com/meikidd/user-selector',
17 silly publish   readme: '# user selector\nthis is a webcomponent for selecting users\n\n## Install\n```\nnpm install user-selector\n```\n\n## Integrating with your Application\n```html\n<link rel="import" href="./user-selector.html">\n```\n\n```html\n<user-selector data-users=\'[{"id":"1","name":"Qingguang Mei","lastName":"Mei"},{"id":"3","name":"Ying Cheng","lastName":"Cheng"},{"id":"4","name":"Qianhe Mei","lastName":"Mei"}]\'>\n  <input type="text" placeholder="input username here" />\n</user-selector>\n```\n\n### Set user data\n- use `data-users` attribute\n\n```html\n<user-selector data-users=\'[{"id":"1","name":"Qingguang Mei","lastName":"Mei"},{"id":"3","name":"Ying Cheng","lastName":"Cheng"},{"id":"4","name":"Qianhe Mei","lastName":"Mei"}]\'>\n  <input type="text" placeholder="input username here" />\n</user-selector>\n```\n- use `setUsers()` method\n\n```html\n<user-selector>\n  <input type="text" placeholder="input username here" />\n</user-selector>\n```\n\n```js\nvar users = [\n\t{"id":"1","name":"Qingguang Mei","lastName":"Mei"},\n\t{"id":"2","name":"Ying Cheng","lastName":"Cheng"},\n\t{"id":"3","name":"Qianhe Mei","lastName":"Mei"}\n];\n\nvar userSelector = document.querySelector(\'user-selector\');\nuserSelector.setUsers(users);\n```\n\n### Get selected user\n\n```js\nvar userSelector = document.querySelector(\'user-selector\');\nconsole.log(userSelector.value); // [{"id":1,"name":"Qingguang Mei","lastName":"Mei"}]\n```\n\n\n### Load remote data\n- use `data-url` attribute. When you set `data-url` attribute, user-selector will launch Ajax request `http://example.com/users/search?keyword={keyword}` to the server to get the JSON data.\n\n```html\n<user-selector data-url="//example.com/users/search">\n  <input type="text" placeholder="input username here" />\n</user-selector>\n```',
17 silly publish   readmeFilename: 'readme.md',
17 silly publish   gitHead: '7d6ca9d9c4ec76f211226ebb517ddd824e47233b',
17 silly publish   bugs: { url: 'https://github.com/meikidd/user-selector/issues' },
17 silly publish   _id: 'user-selector@0.1.1',
17 silly publish   scripts: {},
17 silly publish   _shasum: 'a8036d0ec2b9c166dba782604b811d107d20f5cc',
17 silly publish   _from: '.' }
18 verbose getPublishConfig undefined
19 silly mapToRegistry name user-selector
20 silly mapToRegistry using default registry
21 silly mapToRegistry registry https://registry.npmjs.org/
22 silly mapToRegistry uri https://registry.npmjs.org/user-selector
23 verbose publish registryBase https://registry.npmjs.org/
24 silly publish uploading /Users/meikidd/.npm/user-selector/0.1.1/package.tgz
25 verbose request uri https://registry.npmjs.org/user-selector
26 verbose request sending authorization for write operation
27 info attempt registry request try #1 at 16:41:36
28 verbose request using bearer token for auth
29 verbose request id aef185af0ef2a663
30 http request PUT https://registry.npmjs.org/user-selector
31 http 403 https://registry.npmjs.org/user-selector
32 verbose headers { 'content-type': 'application/json',
32 verbose headers   'cache-control': 'max-age=60',
32 verbose headers   'content-length': '95',
32 verbose headers   'accept-ranges': 'bytes',
32 verbose headers   date: 'Sun, 18 Oct 2015 08:41:38 GMT',
32 verbose headers   via: '1.1 varnish',
32 verbose headers   connection: 'keep-alive',
32 verbose headers   'x-served-by': 'cache-nrt6127-NRT',
32 verbose headers   'x-cache': 'MISS',
32 verbose headers   'x-cache-hits': '0',
32 verbose headers   'x-timer': 'S1445157698.031870,VS0,VE579' }
33 verbose request invalidating /Users/meikidd/.npm/registry.npmjs.org/user-selector on PUT
34 error publish Failed PUT 403
35 verbose stack Error: "You cannot publish over the previously published version 0.1.1." : user-selector
35 verbose stack     at CachingRegistryClient.<anonymous> (/usr/local/lib/node_modules/npm/node_modules/npm-registry-client/lib/request.js:247:14)
35 verbose stack     at Request._callback (/usr/local/lib/node_modules/npm/node_modules/npm-registry-client/lib/request.js:170:14)
35 verbose stack     at Request.self.callback (/usr/local/lib/node_modules/npm/node_modules/request/request.js:368:22)
35 verbose stack     at Request.emit (events.js:110:17)
35 verbose stack     at Request.<anonymous> (/usr/local/lib/node_modules/npm/node_modules/request/request.js:1219:14)
35 verbose stack     at Request.emit (events.js:129:20)
35 verbose stack     at IncomingMessage.<anonymous> (/usr/local/lib/node_modules/npm/node_modules/request/request.js:1167:12)
35 verbose stack     at IncomingMessage.emit (events.js:129:20)
35 verbose stack     at _stream_readable.js:908:16
35 verbose stack     at process._tickCallback (node.js:355:11)
36 verbose statusCode 403
37 verbose pkgid user-selector
38 verbose cwd /Users/meikidd/github/user-selector
39 error Darwin 14.5.0
40 error argv "node" "/usr/local/bin/npm" "publish"
41 error node v0.12.3
42 error npm  v2.9.1
43 error code E403
44 error "You cannot publish over the previously published version 0.1.1." : user-selector
45 error If you need help, you may report this error at:
45 error     <https://github.com/npm/npm/issues>
46 verbose exit [ 1, true ]
